The system is: Darwin - 14.1.0 - x86_64
Compiling the C compiler identification source file "CMakeCCompilerId.c" succeeded.
Compiler: /opt/local/bin/gcc-mp-4.9 
Build flags: 
Id flags: 

The output was:
0


Compilation of the C compiler identification source "CMakeCCompilerId.c" produced "a.out"

The C compiler identification is GNU, found in "/Users/edarles/Desktop/PSB_Project/CMakeFiles/3.0.2/CompilerIdC/a.out"

Compiling the CXX compiler identification source file "CMakeCXXCompilerId.cpp" succeeded.
Compiler: /opt/local/bin/g++-mp-4.9 
Build flags: 
Id flags: 

The output was:
0


Compilation of the CXX compiler identification source "CMakeCXXCompilerId.cpp" produced "a.out"

The CXX compiler identification is GNU, found in "/Users/edarles/Desktop/PSB_Project/CMakeFiles/3.0.2/CompilerIdCXX/a.out"

Determining if the C compiler works passed with the following output:
Change Dir: /Users/edarles/Desktop/PSB_Project/CMakeFiles/CMakeTmp

Run Build Command:"/opt/local/bin/gmake" "cmTryCompileExec907109442/fast"
/opt/local/bin/gmake -f CMakeFiles/cmTryCompileExec907109442.dir/build.make CMakeFiles/cmTryCompileExec907109442.dir/build
gmake[1] : on entre dans le répertoire « /Users/edarles/Desktop/PSB_Project/CMakeFiles/CMakeTmp »
/opt/local/bin/cmake -E cmake_progress_report /Users/edarles/Desktop/PSB_Project/CMakeFiles/CMakeTmp/CMakeFiles 1
Building C object CMakeFiles/cmTryCompileExec907109442.dir/testCCompiler.c.o
/opt/local/bin/gcc-mp-4.9    -o CMakeFiles/cmTryCompileExec907109442.dir/testCCompiler.c.o   -c /Users/edarles/Desktop/PSB_Project/CMakeFiles/CMakeTmp/testCCompiler.c
Linking C executable cmTryCompileExec907109442
/opt/local/bin/cmake -E cmake_link_script CMakeFiles/cmTryCompileExec907109442.dir/link.txt --verbose=1
/opt/local/bin/gcc-mp-4.9    -Wl,-search_paths_first -Wl,-headerpad_max_install_names   CMakeFiles/cmTryCompileExec907109442.dir/testCCompiler.c.o  -o cmTryCompileExec907109442  
gmake[1] : on quitte le répertoire « /Users/edarles/Desktop/PSB_Project/CMakeFiles/CMakeTmp »


Detecting C compiler ABI info compiled with the following output:
Change Dir: /Users/edarles/Desktop/PSB_Project/CMakeFiles/CMakeTmp

Run Build Command:"/opt/local/bin/gmake" "cmTryCompileExec4035510398/fast"
/opt/local/bin/gmake -f CMakeFiles/cmTryCompileExec4035510398.dir/build.make CMakeFiles/cmTryCompileExec4035510398.dir/build
gmake[1] : on entre dans le répertoire « /Users/edarles/Desktop/PSB_Project/CMakeFiles/CMakeTmp »
/opt/local/bin/cmake -E cmake_progress_report /Users/edarles/Desktop/PSB_Project/CMakeFiles/CMakeTmp/CMakeFiles 1
Building C object CMakeFiles/cmTryCompileExec4035510398.dir/CMakeCCompilerABI.c.o
/opt/local/bin/gcc-mp-4.9    -o CMakeFiles/cmTryCompileExec4035510398.dir/CMakeCCompilerABI.c.o   -c /opt/local/share/cmake-3.0/Modules/CMakeCCompilerABI.c
Linking C executable cmTryCompileExec4035510398
/opt/local/bin/cmake -E cmake_link_script CMakeFiles/cmTryCompileExec4035510398.dir/link.txt --verbose=1
/opt/local/bin/gcc-mp-4.9    -Wl,-search_paths_first -Wl,-headerpad_max_install_names -v -Wl,-v CMakeFiles/cmTryCompileExec4035510398.dir/CMakeCCompilerABI.c.o  -o cmTryCompileExec4035510398   
Using built-in specs.
COLLECT_GCC=/opt/local/bin/gcc-mp-4.9
COLLECT_LTO_WRAPPER=/opt/local/libexec/gcc/x86_64-apple-darwin14/4.9.2/lto-wrapper
Target: x86_64-apple-darwin14
Configured with: /opt/local/var/macports/build/_opt_mports_dports_lang_gcc49/gcc49/work/gcc-4.9.2/configure --prefix=/opt/local --build=x86_64-apple-darwin14 --enable-languages=c,c++,objc,obj-c++,lto,fortran,java --libdir=/opt/local/lib/gcc49 --includedir=/opt/local/include/gcc49 --infodir=/opt/local/share/info --mandir=/opt/local/share/man --datarootdir=/opt/local/share/gcc-4.9 --with-local-prefix=/opt/local --with-system-zlib --disable-nls --program-suffix=-mp-4.9 --with-gxx-include-dir=/opt/local/include/gcc49/c++/ --with-gmp=/opt/local --with-mpfr=/opt/local --with-mpc=/opt/local --with-isl=/opt/local --disable-isl-version-check --with-cloog=/opt/local --disable-cloog-version-check --enable-stage1-checking --disable-multilib --enable-lto --enable-libstdcxx-time --with-as=/opt/local/bin/as --with-ld=/opt/local/bin/ld --with-ar=/opt/local/bin/ar --with-bugurl=https://trac.macports.org/newticket --with-pkgversion='MacPorts gcc49 4.9.2_1'
Thread model: posix
gcc version 4.9.2 (MacPorts gcc49 4.9.2_1) 
COMPILER_PATH=/opt/local/libexec/gcc/x86_64-apple-darwin14/4.9.2/:/opt/local/libexec/gcc/x86_64-apple-darwin14/4.9.2/:/opt/local/libexec/gcc/x86_64-apple-darwin14/:/opt/local/lib/gcc49/gcc/x86_64-apple-darwin14/4.9.2/:/opt/local/lib/gcc49/gcc/x86_64-apple-darwin14/
LIBRARY_PATH=/opt/local/lib/gcc49/gcc/x86_64-apple-darwin14/4.9.2/:/opt/local/lib/gcc49/gcc/x86_64-apple-darwin14/4.9.2/../../../:/usr/lib/
COLLECT_GCC_OPTIONS='-mmacosx-version-min=10.10.1' '-v' '-o' 'cmTryCompileExec4035510398' '-mtune=core2'
 /opt/local/libexec/gcc/x86_64-apple-darwin14/4.9.2/collect2 -dynamic -arch x86_64 -macosx_version_min 10.10.1 -weak_reference_mismatches non-weak -o cmTryCompileExec4035510398 -L/opt/local/lib/gcc49/gcc/x86_64-apple-darwin14/4.9.2 -L/opt/local/lib/gcc49/gcc/x86_64-apple-darwin14/4.9.2/../../.. -search_paths_first -headerpad_max_install_names -v CMakeFiles/cmTryCompileExec4035510398.dir/CMakeCCompilerABI.c.o -no_compact_unwind -lSystem -lgcc_ext.10.5 -lgcc -lSystem -v
collect2 version 4.9.2
/opt/local/bin/ld -dynamic -arch x86_64 -macosx_version_min 10.10.1 -weak_reference_mismatches non-weak -o cmTryCompileExec4035510398 -L/opt/local/lib/gcc49/gcc/x86_64-apple-darwin14/4.9.2 -L/opt/local/lib/gcc49/gcc/x86_64-apple-darwin14/4.9.2/../../.. -search_paths_first -headerpad_max_install_names -v CMakeFiles/cmTryCompileExec4035510398.dir/CMakeCCompilerABI.c.o -no_compact_unwind -lSystem -lgcc_ext.10.5 -lgcc -lSystem -v
@(#)PROGRAM:ld  PROJECT:ld64-236.3
configured to support archs: i386 x86_64 x86_64h armv6 armv7 armv7s armv7m arm64
@(#)PROGRAM:ld  PROJECT:ld64-236.3
configured to support archs: i386 x86_64 x86_64h armv6 armv7 armv7s armv7m arm64
Library search paths:
	/opt/local/lib/gcc49/gcc/x86_64-apple-darwin14/4.9.2
	/opt/local/lib/gcc49
	/usr/lib
	/usr/local/lib
Framework search paths:
	/Library/Frameworks/
	/System/Library/Frameworks/
 /opt/local/bin/nm -n CMakeFiles/cmTryCompileExec4035510398.dir/CMakeCCompilerABI.c.o
gmake[1] : on quitte le répertoire « /Users/edarles/Desktop/PSB_Project/CMakeFiles/CMakeTmp »


Parsed C implicit link information from above output:
  link line regex: [^( *|.*[/\])(ld|([^/\]+-)?ld|collect2)[^/\]*( |$)]
  ignore line: [Change Dir: /Users/edarles/Desktop/PSB_Project/CMakeFiles/CMakeTmp]
  ignore line: []
  ignore line: [Run Build Command:"/opt/local/bin/gmake" "cmTryCompileExec4035510398/fast"]
  ignore line: [/opt/local/bin/gmake -f CMakeFiles/cmTryCompileExec4035510398.dir/build.make CMakeFiles/cmTryCompileExec4035510398.dir/build]
  ignore line: [gmake[1] : on entre dans le répertoire « /Users/edarles/Desktop/PSB_Project/CMakeFiles/CMakeTmp »]
  ignore line: [/opt/local/bin/cmake -E cmake_progress_report /Users/edarles/Desktop/PSB_Project/CMakeFiles/CMakeTmp/CMakeFiles 1]
  ignore line: [Building C object CMakeFiles/cmTryCompileExec4035510398.dir/CMakeCCompilerABI.c.o]
  ignore line: [/opt/local/bin/gcc-mp-4.9    -o CMakeFiles/cmTryCompileExec4035510398.dir/CMakeCCompilerABI.c.o   -c /opt/local/share/cmake-3.0/Modules/CMakeCCompilerABI.c]
  ignore line: [Linking C executable cmTryCompileExec4035510398]
  ignore line: [/opt/local/bin/cmake -E cmake_link_script CMakeFiles/cmTryCompileExec4035510398.dir/link.txt --verbose=1]
  ignore line: [/opt/local/bin/gcc-mp-4.9    -Wl,-search_paths_first -Wl,-headerpad_max_install_names -v -Wl,-v CMakeFiles/cmTryCompileExec4035510398.dir/CMakeCCompilerABI.c.o  -o cmTryCompileExec4035510398   ]
  ignore line: [Using built-in specs.]
  ignore line: [COLLECT_GCC=/opt/local/bin/gcc-mp-4.9]
  ignore line: [COLLECT_LTO_WRAPPER=/opt/local/libexec/gcc/x86_64-apple-darwin14/4.9.2/lto-wrapper]
  ignore line: [Target: x86_64-apple-darwin14]
  ignore line: [Configured with: /opt/local/var/macports/build/_opt_mports_dports_lang_gcc49/gcc49/work/gcc-4.9.2/configure --prefix=/opt/local --build=x86_64-apple-darwin14 --enable-languages=c,c++,objc,obj-c++,lto,fortran,java --libdir=/opt/local/lib/gcc49 --includedir=/opt/local/include/gcc49 --infodir=/opt/local/share/info --mandir=/opt/local/share/man --datarootdir=/opt/local/share/gcc-4.9 --with-local-prefix=/opt/local --with-system-zlib --disable-nls --program-suffix=-mp-4.9 --with-gxx-include-dir=/opt/local/include/gcc49/c++/ --with-gmp=/opt/local --with-mpfr=/opt/local --with-mpc=/opt/local --with-isl=/opt/local --disable-isl-version-check --with-cloog=/opt/local --disable-cloog-version-check --enable-stage1-checking --disable-multilib --enable-lto --enable-libstdcxx-time --with-as=/opt/local/bin/as --with-ld=/opt/local/bin/ld --with-ar=/opt/local/bin/ar --with-bugurl=https://trac.macports.org/newticket --with-pkgversion='MacPorts gcc49 4.9.2_1']
  ignore line: [Thread model: posix]
  ignore line: [gcc version 4.9.2 (MacPorts gcc49 4.9.2_1) ]
  ignore line: [COMPILER_PATH=/opt/local/libexec/gcc/x86_64-apple-darwin14/4.9.2/:/opt/local/libexec/gcc/x86_64-apple-darwin14/4.9.2/:/opt/local/libexec/gcc/x86_64-apple-darwin14/:/opt/local/lib/gcc49/gcc/x86_64-apple-darwin14/4.9.2/:/opt/local/lib/gcc49/gcc/x86_64-apple-darwin14/]
  ignore line: [LIBRARY_PATH=/opt/local/lib/gcc49/gcc/x86_64-apple-darwin14/4.9.2/:/opt/local/lib/gcc49/gcc/x86_64-apple-darwin14/4.9.2/../../../:/usr/lib/]
  ignore line: [COLLECT_GCC_OPTIONS='-mmacosx-version-min=10.10.1' '-v' '-o' 'cmTryCompileExec4035510398' '-mtune=core2']
  link line: [ /opt/local/libexec/gcc/x86_64-apple-darwin14/4.9.2/collect2 -dynamic -arch x86_64 -macosx_version_min 10.10.1 -weak_reference_mismatches non-weak -o cmTryCompileExec4035510398 -L/opt/local/lib/gcc49/gcc/x86_64-apple-darwin14/4.9.2 -L/opt/local/lib/gcc49/gcc/x86_64-apple-darwin14/4.9.2/../../.. -search_paths_first -headerpad_max_install_names -v CMakeFiles/cmTryCompileExec4035510398.dir/CMakeCCompilerABI.c.o -no_compact_unwind -lSystem -lgcc_ext.10.5 -lgcc -lSystem -v]
    arg [/opt/local/libexec/gcc/x86_64-apple-darwin14/4.9.2/collect2] ==> ignore
    arg [-dynamic] ==> ignore
    arg [-arch] ==> ignore
    arg [x86_64] ==> ignore
    arg [-macosx_version_min] ==> ignore
    arg [10.10.1] ==> ignore
    arg [-weak_reference_mismatches] ==> ignore
    arg [non-weak] ==> ignore
    arg [-o] ==> ignore
    arg [cmTryCompileExec4035510398] ==> ignore
    arg [-L/opt/local/lib/gcc49/gcc/x86_64-apple-darwin14/4.9.2] ==> dir [/opt/local/lib/gcc49/gcc/x86_64-apple-darwin14/4.9.2]
    arg [-L/opt/local/lib/gcc49/gcc/x86_64-apple-darwin14/4.9.2/../../..] ==> dir [/opt/local/lib/gcc49/gcc/x86_64-apple-darwin14/4.9.2/../../..]
    arg [-search_paths_first] ==> ignore
    arg [-headerpad_max_install_names] ==> ignore
    arg [-v] ==> ignore
    arg [CMakeFiles/cmTryCompileExec4035510398.dir/CMakeCCompilerABI.c.o] ==> ignore
    arg [-no_compact_unwind] ==> ignore
    arg [-lSystem] ==> lib [System]
    arg [-lgcc_ext.10.5] ==> lib [gcc_ext.10.5]
    arg [-lgcc] ==> lib [gcc]
    arg [-lSystem] ==> lib [System]
    arg [-v] ==> ignore
  Library search paths: [;/opt/local/lib/gcc49/gcc/x86_64-apple-darwin14/4.9.2;/opt/local/lib/gcc49;/usr/lib;/usr/local/lib]
  Framework search paths: [;/Library/Frameworks/;/System/Library/Frameworks/]
  remove lib [System]
  remove lib [gcc_ext.10.5]
  remove lib [gcc]
  remove lib [System]
  collapse library dir [/opt/local/lib/gcc49/gcc/x86_64-apple-darwin14/4.9.2] ==> [/opt/local/lib/gcc49/gcc/x86_64-apple-darwin14/4.9.2]
  collapse library dir [/opt/local/lib/gcc49/gcc/x86_64-apple-darwin14/4.9.2/../../..] ==> [/opt/local/lib/gcc49]
  collapse library dir [/opt/local/lib/gcc49/gcc/x86_64-apple-darwin14/4.9.2] ==> [/opt/local/lib/gcc49/gcc/x86_64-apple-darwin14/4.9.2]
  collapse library dir [/opt/local/lib/gcc49] ==> [/opt/local/lib/gcc49]
  collapse library dir [/usr/lib] ==> [/usr/lib]
  collapse library dir [/usr/local/lib] ==> [/usr/local/lib]
  collapse framework dir [/Library/Frameworks/] ==> [/Library/Frameworks]
  collapse framework dir [/System/Library/Frameworks/] ==> [/System/Library/Frameworks]
  implicit libs: []
  implicit dirs: [/opt/local/lib/gcc49/gcc/x86_64-apple-darwin14/4.9.2;/opt/local/lib/gcc49;/usr/lib;/usr/local/lib]
  implicit fwks: [/Library/Frameworks;/System/Library/Frameworks]


Determining if the CXX compiler works passed with the following output:
Change Dir: /Users/edarles/Desktop/PSB_Project/CMakeFiles/CMakeTmp

Run Build Command:"/opt/local/bin/gmake" "cmTryCompileExec3061807972/fast"
/opt/local/bin/gmake -f CMakeFiles/cmTryCompileExec3061807972.dir/build.make CMakeFiles/cmTryCompileExec3061807972.dir/build
gmake[1] : on entre dans le répertoire « /Users/edarles/Desktop/PSB_Project/CMakeFiles/CMakeTmp »
/opt/local/bin/cmake -E cmake_progress_report /Users/edarles/Desktop/PSB_Project/CMakeFiles/CMakeTmp/CMakeFiles 1
Building CXX object CMakeFiles/cmTryCompileExec3061807972.dir/testCXXCompiler.cxx.o
/opt/local/bin/g++-mp-4.9     -o CMakeFiles/cmTryCompileExec3061807972.dir/testCXXCompiler.cxx.o -c /Users/edarles/Desktop/PSB_Project/CMakeFiles/CMakeTmp/testCXXCompiler.cxx
Linking CXX executable cmTryCompileExec3061807972
/opt/local/bin/cmake -E cmake_link_script CMakeFiles/cmTryCompileExec3061807972.dir/link.txt --verbose=1
/opt/local/bin/g++-mp-4.9     -Wl,-search_paths_first -Wl,-headerpad_max_install_names   CMakeFiles/cmTryCompileExec3061807972.dir/testCXXCompiler.cxx.o  -o cmTryCompileExec3061807972  
gmake[1] : on quitte le répertoire « /Users/edarles/Desktop/PSB_Project/CMakeFiles/CMakeTmp »


Detecting CXX compiler ABI info compiled with the following output:
Change Dir: /Users/edarles/Desktop/PSB_Project/CMakeFiles/CMakeTmp

Run Build Command:"/opt/local/bin/gmake" "cmTryCompileExec1495077753/fast"
/opt/local/bin/gmake -f CMakeFiles/cmTryCompileExec1495077753.dir/build.make CMakeFiles/cmTryCompileExec1495077753.dir/build
gmake[1] : on entre dans le répertoire « /Users/edarles/Desktop/PSB_Project/CMakeFiles/CMakeTmp »
/opt/local/bin/cmake -E cmake_progress_report /Users/edarles/Desktop/PSB_Project/CMakeFiles/CMakeTmp/CMakeFiles 1
Building CXX object CMakeFiles/cmTryCompileExec1495077753.dir/CMakeCXXCompilerABI.cpp.o
/opt/local/bin/g++-mp-4.9     -o CMakeFiles/cmTryCompileExec1495077753.dir/CMakeCXXCompilerABI.cpp.o -c /opt/local/share/cmake-3.0/Modules/CMakeCXXCompilerABI.cpp
Linking CXX executable cmTryCompileExec1495077753
/opt/local/bin/cmake -E cmake_link_script CMakeFiles/cmTryCompileExec1495077753.dir/link.txt --verbose=1
/opt/local/bin/g++-mp-4.9     -Wl,-search_paths_first -Wl,-headerpad_max_install_names -v -Wl,-v CMakeFiles/cmTryCompileExec1495077753.dir/CMakeCXXCompilerABI.cpp.o  -o cmTryCompileExec1495077753   
Using built-in specs.
COLLECT_GCC=/opt/local/bin/g++-mp-4.9
COLLECT_LTO_WRAPPER=/opt/local/libexec/gcc/x86_64-apple-darwin14/4.9.2/lto-wrapper
Target: x86_64-apple-darwin14
Configured with: /opt/local/var/macports/build/_opt_mports_dports_lang_gcc49/gcc49/work/gcc-4.9.2/configure --prefix=/opt/local --build=x86_64-apple-darwin14 --enable-languages=c,c++,objc,obj-c++,lto,fortran,java --libdir=/opt/local/lib/gcc49 --includedir=/opt/local/include/gcc49 --infodir=/opt/local/share/info --mandir=/opt/local/share/man --datarootdir=/opt/local/share/gcc-4.9 --with-local-prefix=/opt/local --with-system-zlib --disable-nls --program-suffix=-mp-4.9 --with-gxx-include-dir=/opt/local/include/gcc49/c++/ --with-gmp=/opt/local --with-mpfr=/opt/local --with-mpc=/opt/local --with-isl=/opt/local --disable-isl-version-check --with-cloog=/opt/local --disable-cloog-version-check --enable-stage1-checking --disable-multilib --enable-lto --enable-libstdcxx-time --with-as=/opt/local/bin/as --with-ld=/opt/local/bin/ld --with-ar=/opt/local/bin/ar --with-bugurl=https://trac.macports.org/newticket --with-pkgversion='MacPorts gcc49 4.9.2_1'
Thread model: posix
gcc version 4.9.2 (MacPorts gcc49 4.9.2_1) 
COMPILER_PATH=/opt/local/libexec/gcc/x86_64-apple-darwin14/4.9.2/:/opt/local/libexec/gcc/x86_64-apple-darwin14/4.9.2/:/opt/local/libexec/gcc/x86_64-apple-darwin14/:/opt/local/lib/gcc49/gcc/x86_64-apple-darwin14/4.9.2/:/opt/local/lib/gcc49/gcc/x86_64-apple-darwin14/
LIBRARY_PATH=/opt/local/lib/gcc49/gcc/x86_64-apple-darwin14/4.9.2/:/opt/local/lib/gcc49/gcc/x86_64-apple-darwin14/4.9.2/../../../:/usr/lib/
COLLECT_GCC_OPTIONS='-mmacosx-version-min=10.10.1' '-v' '-o' 'cmTryCompileExec1495077753' '-shared-libgcc' '-mtune=core2'
 /opt/local/libexec/gcc/x86_64-apple-darwin14/4.9.2/collect2 -dynamic -arch x86_64 -macosx_version_min 10.10.1 -weak_reference_mismatches non-weak -o cmTryCompileExec1495077753 -L/opt/local/lib/gcc49/gcc/x86_64-apple-darwin14/4.9.2 -L/opt/local/lib/gcc49/gcc/x86_64-apple-darwin14/4.9.2/../../.. -search_paths_first -headerpad_max_install_names -v CMakeFiles/cmTryCompileExec1495077753.dir/CMakeCXXCompilerABI.cpp.o -lstdc++ -no_compact_unwind -lSystem -lgcc_ext.10.5 -lgcc -lSystem -v
collect2 version 4.9.2
/opt/local/bin/ld -dynamic -arch x86_64 -macosx_version_min 10.10.1 -weak_reference_mismatches non-weak -o cmTryCompileExec1495077753 -L/opt/local/lib/gcc49/gcc/x86_64-apple-darwin14/4.9.2 -L/opt/local/lib/gcc49/gcc/x86_64-apple-darwin14/4.9.2/../../.. -search_paths_first -headerpad_max_install_names -v CMakeFiles/cmTryCompileExec1495077753.dir/CMakeCXXCompilerABI.cpp.o -lstdc++ -no_compact_unwind -lSystem -lgcc_ext.10.5 -lgcc -lSystem -v
@(#)PROGRAM:ld  PROJECT:ld64-236.3
configured to support archs: i386 x86_64 x86_64h armv6 armv7 armv7s armv7m arm64
@(#)PROGRAM:ld  PROJECT:ld64-236.3
configured to support archs: i386 x86_64 x86_64h armv6 armv7 armv7s armv7m arm64
Library search paths:
	/opt/local/lib/gcc49/gcc/x86_64-apple-darwin14/4.9.2
	/opt/local/lib/gcc49
	/usr/lib
	/usr/local/lib
Framework search paths:
	/Library/Frameworks/
	/System/Library/Frameworks/
 /opt/local/bin/nm -n CMakeFiles/cmTryCompileExec1495077753.dir/CMakeCXXCompilerABI.cpp.o
gmake[1] : on quitte le répertoire « /Users/edarles/Desktop/PSB_Project/CMakeFiles/CMakeTmp »


Parsed CXX implicit link information from above output:
  link line regex: [^( *|.*[/\])(ld|([^/\]+-)?ld|collect2)[^/\]*( |$)]
  ignore line: [Change Dir: /Users/edarles/Desktop/PSB_Project/CMakeFiles/CMakeTmp]
  ignore line: []
  ignore line: [Run Build Command:"/opt/local/bin/gmake" "cmTryCompileExec1495077753/fast"]
  ignore line: [/opt/local/bin/gmake -f CMakeFiles/cmTryCompileExec1495077753.dir/build.make CMakeFiles/cmTryCompileExec1495077753.dir/build]
  ignore line: [gmake[1] : on entre dans le répertoire « /Users/edarles/Desktop/PSB_Project/CMakeFiles/CMakeTmp »]
  ignore line: [/opt/local/bin/cmake -E cmake_progress_report /Users/edarles/Desktop/PSB_Project/CMakeFiles/CMakeTmp/CMakeFiles 1]
  ignore line: [Building CXX object CMakeFiles/cmTryCompileExec1495077753.dir/CMakeCXXCompilerABI.cpp.o]
  ignore line: [/opt/local/bin/g++-mp-4.9     -o CMakeFiles/cmTryCompileExec1495077753.dir/CMakeCXXCompilerABI.cpp.o -c /opt/local/share/cmake-3.0/Modules/CMakeCXXCompilerABI.cpp]
  ignore line: [Linking CXX executable cmTryCompileExec1495077753]
  ignore line: [/opt/local/bin/cmake -E cmake_link_script CMakeFiles/cmTryCompileExec1495077753.dir/link.txt --verbose=1]
  ignore line: [/opt/local/bin/g++-mp-4.9     -Wl,-search_paths_first -Wl,-headerpad_max_install_names -v -Wl,-v CMakeFiles/cmTryCompileExec1495077753.dir/CMakeCXXCompilerABI.cpp.o  -o cmTryCompileExec1495077753   ]
  ignore line: [Using built-in specs.]
  ignore line: [COLLECT_GCC=/opt/local/bin/g++-mp-4.9]
  ignore line: [COLLECT_LTO_WRAPPER=/opt/local/libexec/gcc/x86_64-apple-darwin14/4.9.2/lto-wrapper]
  ignore line: [Target: x86_64-apple-darwin14]
  ignore line: [Configured with: /opt/local/var/macports/build/_opt_mports_dports_lang_gcc49/gcc49/work/gcc-4.9.2/configure --prefix=/opt/local --build=x86_64-apple-darwin14 --enable-languages=c,c++,objc,obj-c++,lto,fortran,java --libdir=/opt/local/lib/gcc49 --includedir=/opt/local/include/gcc49 --infodir=/opt/local/share/info --mandir=/opt/local/share/man --datarootdir=/opt/local/share/gcc-4.9 --with-local-prefix=/opt/local --with-system-zlib --disable-nls --program-suffix=-mp-4.9 --with-gxx-include-dir=/opt/local/include/gcc49/c++/ --with-gmp=/opt/local --with-mpfr=/opt/local --with-mpc=/opt/local --with-isl=/opt/local --disable-isl-version-check --with-cloog=/opt/local --disable-cloog-version-check --enable-stage1-checking --disable-multilib --enable-lto --enable-libstdcxx-time --with-as=/opt/local/bin/as --with-ld=/opt/local/bin/ld --with-ar=/opt/local/bin/ar --with-bugurl=https://trac.macports.org/newticket --with-pkgversion='MacPorts gcc49 4.9.2_1']
  ignore line: [Thread model: posix]
  ignore line: [gcc version 4.9.2 (MacPorts gcc49 4.9.2_1) ]
  ignore line: [COMPILER_PATH=/opt/local/libexec/gcc/x86_64-apple-darwin14/4.9.2/:/opt/local/libexec/gcc/x86_64-apple-darwin14/4.9.2/:/opt/local/libexec/gcc/x86_64-apple-darwin14/:/opt/local/lib/gcc49/gcc/x86_64-apple-darwin14/4.9.2/:/opt/local/lib/gcc49/gcc/x86_64-apple-darwin14/]
  ignore line: [LIBRARY_PATH=/opt/local/lib/gcc49/gcc/x86_64-apple-darwin14/4.9.2/:/opt/local/lib/gcc49/gcc/x86_64-apple-darwin14/4.9.2/../../../:/usr/lib/]
  ignore line: [COLLECT_GCC_OPTIONS='-mmacosx-version-min=10.10.1' '-v' '-o' 'cmTryCompileExec1495077753' '-shared-libgcc' '-mtune=core2']
  link line: [ /opt/local/libexec/gcc/x86_64-apple-darwin14/4.9.2/collect2 -dynamic -arch x86_64 -macosx_version_min 10.10.1 -weak_reference_mismatches non-weak -o cmTryCompileExec1495077753 -L/opt/local/lib/gcc49/gcc/x86_64-apple-darwin14/4.9.2 -L/opt/local/lib/gcc49/gcc/x86_64-apple-darwin14/4.9.2/../../.. -search_paths_first -headerpad_max_install_names -v CMakeFiles/cmTryCompileExec1495077753.dir/CMakeCXXCompilerABI.cpp.o -lstdc++ -no_compact_unwind -lSystem -lgcc_ext.10.5 -lgcc -lSystem -v]
    arg [/opt/local/libexec/gcc/x86_64-apple-darwin14/4.9.2/collect2] ==> ignore
    arg [-dynamic] ==> ignore
    arg [-arch] ==> ignore
    arg [x86_64] ==> ignore
    arg [-macosx_version_min] ==> ignore
    arg [10.10.1] ==> ignore
    arg [-weak_reference_mismatches] ==> ignore
    arg [non-weak] ==> ignore
    arg [-o] ==> ignore
    arg [cmTryCompileExec1495077753] ==> ignore
    arg [-L/opt/local/lib/gcc49/gcc/x86_64-apple-darwin14/4.9.2] ==> dir [/opt/local/lib/gcc49/gcc/x86_64-apple-darwin14/4.9.2]
    arg [-L/opt/local/lib/gcc49/gcc/x86_64-apple-darwin14/4.9.2/../../..] ==> dir [/opt/local/lib/gcc49/gcc/x86_64-apple-darwin14/4.9.2/../../..]
    arg [-search_paths_first] ==> ignore
    arg [-headerpad_max_install_names] ==> ignore
    arg [-v] ==> ignore
    arg [CMakeFiles/cmTryCompileExec1495077753.dir/CMakeCXXCompilerABI.cpp.o] ==> ignore
    arg [-lstdc++] ==> lib [stdc++]
    arg [-no_compact_unwind] ==> ignore
    arg [-lSystem] ==> lib [System]
    arg [-lgcc_ext.10.5] ==> lib [gcc_ext.10.5]
    arg [-lgcc] ==> lib [gcc]
    arg [-lSystem] ==> lib [System]
    arg [-v] ==> ignore
  Library search paths: [;/opt/local/lib/gcc49/gcc/x86_64-apple-darwin14/4.9.2;/opt/local/lib/gcc49;/usr/lib;/usr/local/lib]
  Framework search paths: [;/Library/Frameworks/;/System/Library/Frameworks/]
  remove lib [System]
  remove lib [gcc_ext.10.5]
  remove lib [gcc]
  remove lib [System]
  collapse library dir [/opt/local/lib/gcc49/gcc/x86_64-apple-darwin14/4.9.2] ==> [/opt/local/lib/gcc49/gcc/x86_64-apple-darwin14/4.9.2]
  collapse library dir [/opt/local/lib/gcc49/gcc/x86_64-apple-darwin14/4.9.2/../../..] ==> [/opt/local/lib/gcc49]
  collapse library dir [/opt/local/lib/gcc49/gcc/x86_64-apple-darwin14/4.9.2] ==> [/opt/local/lib/gcc49/gcc/x86_64-apple-darwin14/4.9.2]
  collapse library dir [/opt/local/lib/gcc49] ==> [/opt/local/lib/gcc49]
  collapse library dir [/usr/lib] ==> [/usr/lib]
  collapse library dir [/usr/local/lib] ==> [/usr/local/lib]
  collapse framework dir [/Library/Frameworks/] ==> [/Library/Frameworks]
  collapse framework dir [/System/Library/Frameworks/] ==> [/System/Library/Frameworks]
  implicit libs: [stdc++]
  implicit dirs: [/opt/local/lib/gcc49/gcc/x86_64-apple-darwin14/4.9.2;/opt/local/lib/gcc49;/usr/lib;/usr/local/lib]
  implicit fwks: [/Library/Frameworks;/System/Library/Frameworks]


Determining if the Q_WS_MAC exist passed with the following output:
Change Dir: /Users/edarles/Desktop/PSB_Project/CMakeFiles/CMakeTmp

Run Build Command:"/opt/local/bin/gmake" "cmTryCompileExec2887803396/fast"
/opt/local/bin/gmake -f CMakeFiles/cmTryCompileExec2887803396.dir/build.make CMakeFiles/cmTryCompileExec2887803396.dir/build
gmake[1] : on entre dans le répertoire « /Users/edarles/Desktop/PSB_Project/CMakeFiles/CMakeTmp »
/opt/local/bin/cmake -E cmake_progress_report /Users/edarles/Desktop/PSB_Project/CMakeFiles/CMakeTmp/CMakeFiles 1
Building CXX object CMakeFiles/cmTryCompileExec2887803396.dir/CheckSymbolExists.cxx.o
/opt/local/bin/g++-mp-4.9    -I/opt/local/include    -o CMakeFiles/cmTryCompileExec2887803396.dir/CheckSymbolExists.cxx.o -c /Users/edarles/Desktop/PSB_Project/CMakeFiles/CMakeTmp/CheckSymbolExists.cxx
Linking CXX executable cmTryCompileExec2887803396
/opt/local/bin/cmake -E cmake_link_script CMakeFiles/cmTryCompileExec2887803396.dir/link.txt --verbose=1
/opt/local/bin/g++-mp-4.9     -Wl,-search_paths_first -Wl,-headerpad_max_install_names   CMakeFiles/cmTryCompileExec2887803396.dir/CheckSymbolExists.cxx.o  -o cmTryCompileExec2887803396  
gmake[1] : on quitte le répertoire « /Users/edarles/Desktop/PSB_Project/CMakeFiles/CMakeTmp »

File /Users/edarles/Desktop/PSB_Project/CMakeFiles/CMakeTmp/CheckSymbolExists.cxx:
/* */
#include <QtCore/qglobal.h>

int main(int argc, char** argv)
{
  (void)argv;
#ifndef Q_WS_MAC
  return ((int*)(&Q_WS_MAC))[argc];
#else
  (void)argc;
  return 0;
#endif
}

Determining if the QT_MAC_USE_COCOA exist passed with the following output:
Change Dir: /Users/edarles/Desktop/PSB_Project/CMakeFiles/CMakeTmp

Run Build Command:"/opt/local/bin/gmake" "cmTryCompileExec289328258/fast"
/opt/local/bin/gmake -f CMakeFiles/cmTryCompileExec289328258.dir/build.make CMakeFiles/cmTryCompileExec289328258.dir/build
gmake[1] : on entre dans le répertoire « /Users/edarles/Desktop/PSB_Project/CMakeFiles/CMakeTmp »
/opt/local/bin/cmake -E cmake_progress_report /Users/edarles/Desktop/PSB_Project/CMakeFiles/CMakeTmp/CMakeFiles 1
Building CXX object CMakeFiles/cmTryCompileExec289328258.dir/CheckSymbolExists.cxx.o
/opt/local/bin/g++-mp-4.9    -I/opt/local/include    -o CMakeFiles/cmTryCompileExec289328258.dir/CheckSymbolExists.cxx.o -c /Users/edarles/Desktop/PSB_Project/CMakeFiles/CMakeTmp/CheckSymbolExists.cxx
Linking CXX executable cmTryCompileExec289328258
/opt/local/bin/cmake -E cmake_link_script CMakeFiles/cmTryCompileExec289328258.dir/link.txt --verbose=1
/opt/local/bin/g++-mp-4.9     -Wl,-search_paths_first -Wl,-headerpad_max_install_names   CMakeFiles/cmTryCompileExec289328258.dir/CheckSymbolExists.cxx.o  -o cmTryCompileExec289328258  
gmake[1] : on quitte le répertoire « /Users/edarles/Desktop/PSB_Project/CMakeFiles/CMakeTmp »

File /Users/edarles/Desktop/PSB_Project/CMakeFiles/CMakeTmp/CheckSymbolExists.cxx:
/* */
#include <QtCore/qconfig.h>

int main(int argc, char** argv)
{
  (void)argv;
#ifndef QT_MAC_USE_COCOA
  return ((int*)(&QT_MAC_USE_COCOA))[argc];
#else
  (void)argc;
  return 0;
#endif
}

Determining if the Q_WS_MAC exist passed with the following output:
Change Dir: /Users/edarles/Desktop/PSB_Project/CMakeFiles/CMakeTmp

Run Build Command:"/opt/local/bin/gmake" "cmTryCompileExec3116322030/fast"
/opt/local/bin/gmake -f CMakeFiles/cmTryCompileExec3116322030.dir/build.make CMakeFiles/cmTryCompileExec3116322030.dir/build
gmake[1] : on entre dans le répertoire « /Users/edarles/Desktop/PSB_Project/CMakeFiles/CMakeTmp »
/opt/local/bin/cmake -E cmake_progress_report /Users/edarles/Desktop/PSB_Project/CMakeFiles/CMakeTmp/CMakeFiles 1
Building CXX object CMakeFiles/cmTryCompileExec3116322030.dir/CheckSymbolExists.cxx.o
/opt/local/bin/g++-mp-4.9    -I/opt/local/include    -o CMakeFiles/cmTryCompileExec3116322030.dir/CheckSymbolExists.cxx.o -c /Users/edarles/Desktop/PSB_Project/CMakeFiles/CMakeTmp/CheckSymbolExists.cxx
Linking CXX executable cmTryCompileExec3116322030
/opt/local/bin/cmake -E cmake_link_script CMakeFiles/cmTryCompileExec3116322030.dir/link.txt --verbose=1
/opt/local/bin/g++-mp-4.9     -Wl,-search_paths_first -Wl,-headerpad_max_install_names   CMakeFiles/cmTryCompileExec3116322030.dir/CheckSymbolExists.cxx.o  -o cmTryCompileExec3116322030  
gmake[1] : on quitte le répertoire « /Users/edarles/Desktop/PSB_Project/CMakeFiles/CMakeTmp »

File /Users/edarles/Desktop/PSB_Project/CMakeFiles/CMakeTmp/CheckSymbolExists.cxx:
/* */
#include <QtCore/qglobal.h>

int main(int argc, char** argv)
{
  (void)argv;
#ifndef Q_WS_MAC
  return ((int*)(&Q_WS_MAC))[argc];
#else
  (void)argc;
  return 0;
#endif
}

Determining if the QT_MAC_USE_COCOA exist passed with the following output:
Change Dir: /Users/edarles/Desktop/PSB_Project/CMakeFiles/CMakeTmp

Run Build Command:"/opt/local/bin/gmake" "cmTryCompileExec289309910/fast"
/opt/local/bin/gmake -f CMakeFiles/cmTryCompileExec289309910.dir/build.make CMakeFiles/cmTryCompileExec289309910.dir/build
gmake[1] : on entre dans le répertoire « /Users/edarles/Desktop/PSB_Project/CMakeFiles/CMakeTmp »
/opt/local/bin/cmake -E cmake_progress_report /Users/edarles/Desktop/PSB_Project/CMakeFiles/CMakeTmp/CMakeFiles 1
Building CXX object CMakeFiles/cmTryCompileExec289309910.dir/CheckSymbolExists.cxx.o
/opt/local/bin/g++-mp-4.9    -I/opt/local/include    -o CMakeFiles/cmTryCompileExec289309910.dir/CheckSymbolExists.cxx.o -c /Users/edarles/Desktop/PSB_Project/CMakeFiles/CMakeTmp/CheckSymbolExists.cxx
Linking CXX executable cmTryCompileExec289309910
/opt/local/bin/cmake -E cmake_link_script CMakeFiles/cmTryCompileExec289309910.dir/link.txt --verbose=1
/opt/local/bin/g++-mp-4.9     -Wl,-search_paths_first -Wl,-headerpad_max_install_names   CMakeFiles/cmTryCompileExec289309910.dir/CheckSymbolExists.cxx.o  -o cmTryCompileExec289309910  
gmake[1] : on quitte le répertoire « /Users/edarles/Desktop/PSB_Project/CMakeFiles/CMakeTmp »

File /Users/edarles/Desktop/PSB_Project/CMakeFiles/CMakeTmp/CheckSymbolExists.cxx:
/* */
#include <QtCore/qconfig.h>

int main(int argc, char** argv)
{
  (void)argv;
#ifndef QT_MAC_USE_COCOA
  return ((int*)(&QT_MAC_USE_COCOA))[argc];
#else
  (void)argc;
  return 0;
#endif
}

Determining if the Q_WS_MAC exist passed with the following output:
Change Dir: /Users/edarles/Desktop/PSB_Project/CMakeFiles/CMakeTmp

Run Build Command:"/opt/local/bin/gmake" "cmTryCompileExec1805870826/fast"
/opt/local/bin/gmake -f CMakeFiles/cmTryCompileExec1805870826.dir/build.make CMakeFiles/cmTryCompileExec1805870826.dir/build
gmake[1] : on entre dans le répertoire « /Users/edarles/Desktop/PSB_Project/CMakeFiles/CMakeTmp »
/opt/local/bin/cmake -E cmake_progress_report /Users/edarles/Desktop/PSB_Project/CMakeFiles/CMakeTmp/CMakeFiles 1
Building CXX object CMakeFiles/cmTryCompileExec1805870826.dir/CheckSymbolExists.cxx.o
/opt/local/bin/g++-mp-4.9    -I/opt/local/include    -o CMakeFiles/cmTryCompileExec1805870826.dir/CheckSymbolExists.cxx.o -c /Users/edarles/Desktop/PSB_Project/CMakeFiles/CMakeTmp/CheckSymbolExists.cxx
Linking CXX executable cmTryCompileExec1805870826
/opt/local/bin/cmake -E cmake_link_script CMakeFiles/cmTryCompileExec1805870826.dir/link.txt --verbose=1
/opt/local/bin/g++-mp-4.9     -Wl,-search_paths_first -Wl,-headerpad_max_install_names   CMakeFiles/cmTryCompileExec1805870826.dir/CheckSymbolExists.cxx.o  -o cmTryCompileExec1805870826  
gmake[1] : on quitte le répertoire « /Users/edarles/Desktop/PSB_Project/CMakeFiles/CMakeTmp »

File /Users/edarles/Desktop/PSB_Project/CMakeFiles/CMakeTmp/CheckSymbolExists.cxx:
/* */
#include <QtCore/qglobal.h>

int main(int argc, char** argv)
{
  (void)argv;
#ifndef Q_WS_MAC
  return ((int*)(&Q_WS_MAC))[argc];
#else
  (void)argc;
  return 0;
#endif
}

Determining if the QT_MAC_USE_COCOA exist passed with the following output:
Change Dir: /Users/edarles/Desktop/PSB_Project/CMakeFiles/CMakeTmp

Run Build Command:"/opt/local/bin/gmake" "cmTryCompileExec1173579541/fast"
/opt/local/bin/gmake -f CMakeFiles/cmTryCompileExec1173579541.dir/build.make CMakeFiles/cmTryCompileExec1173579541.dir/build
gmake[1] : on entre dans le répertoire « /Users/edarles/Desktop/PSB_Project/CMakeFiles/CMakeTmp »
/opt/local/bin/cmake -E cmake_progress_report /Users/edarles/Desktop/PSB_Project/CMakeFiles/CMakeTmp/CMakeFiles 1
Building CXX object CMakeFiles/cmTryCompileExec1173579541.dir/CheckSymbolExists.cxx.o
/opt/local/bin/g++-mp-4.9    -I/opt/local/include    -o CMakeFiles/cmTryCompileExec1173579541.dir/CheckSymbolExists.cxx.o -c /Users/edarles/Desktop/PSB_Project/CMakeFiles/CMakeTmp/CheckSymbolExists.cxx
Linking CXX executable cmTryCompileExec1173579541
/opt/local/bin/cmake -E cmake_link_script CMakeFiles/cmTryCompileExec1173579541.dir/link.txt --verbose=1
/opt/local/bin/g++-mp-4.9     -Wl,-search_paths_first -Wl,-headerpad_max_install_names   CMakeFiles/cmTryCompileExec1173579541.dir/CheckSymbolExists.cxx.o  -o cmTryCompileExec1173579541  
gmake[1] : on quitte le répertoire « /Users/edarles/Desktop/PSB_Project/CMakeFiles/CMakeTmp »

File /Users/edarles/Desktop/PSB_Project/CMakeFiles/CMakeTmp/CheckSymbolExists.cxx:
/* */
#include <QtCore/qconfig.h>

int main(int argc, char** argv)
{
  (void)argv;
#ifndef QT_MAC_USE_COCOA
  return ((int*)(&QT_MAC_USE_COCOA))[argc];
#else
  (void)argc;
  return 0;
#endif
}

Determining if the Q_WS_MAC exist passed with the following output:
Change Dir: /Users/edarles/Desktop/PSB_Project/CMakeFiles/CMakeTmp

Run Build Command:"/opt/local/bin/gmake" "cmTryCompileExec2531590910/fast"
/opt/local/bin/gmake -f CMakeFiles/cmTryCompileExec2531590910.dir/build.make CMakeFiles/cmTryCompileExec2531590910.dir/build
gmake[1] : on entre dans le répertoire « /Users/edarles/Desktop/PSB_Project/CMakeFiles/CMakeTmp »
/opt/local/bin/cmake -E cmake_progress_report /Users/edarles/Desktop/PSB_Project/CMakeFiles/CMakeTmp/CMakeFiles 1
Building CXX object CMakeFiles/cmTryCompileExec2531590910.dir/CheckSymbolExists.cxx.o
/opt/local/bin/g++-mp-4.9    -I/opt/local/include    -o CMakeFiles/cmTryCompileExec2531590910.dir/CheckSymbolExists.cxx.o -c /Users/edarles/Desktop/PSB_Project/CMakeFiles/CMakeTmp/CheckSymbolExists.cxx
Linking CXX executable cmTryCompileExec2531590910
/opt/local/bin/cmake -E cmake_link_script CMakeFiles/cmTryCompileExec2531590910.dir/link.txt --verbose=1
/opt/local/bin/g++-mp-4.9     -Wl,-search_paths_first -Wl,-headerpad_max_install_names   CMakeFiles/cmTryCompileExec2531590910.dir/CheckSymbolExists.cxx.o  -o cmTryCompileExec2531590910  
gmake[1] : on quitte le répertoire « /Users/edarles/Desktop/PSB_Project/CMakeFiles/CMakeTmp »

File /Users/edarles/Desktop/PSB_Project/CMakeFiles/CMakeTmp/CheckSymbolExists.cxx:
/* */
#include <QtCore/qglobal.h>

int main(int argc, char** argv)
{
  (void)argv;
#ifndef Q_WS_MAC
  return ((int*)(&Q_WS_MAC))[argc];
#else
  (void)argc;
  return 0;
#endif
}

Determining if the QT_MAC_USE_COCOA exist passed with the following output:
Change Dir: /Users/edarles/Desktop/PSB_Project/CMakeFiles/CMakeTmp

Run Build Command:"/opt/local/bin/gmake" "cmTryCompileExec3683356900/fast"
/opt/local/bin/gmake -f CMakeFiles/cmTryCompileExec3683356900.dir/build.make CMakeFiles/cmTryCompileExec3683356900.dir/build
gmake[1] : on entre dans le répertoire « /Users/edarles/Desktop/PSB_Project/CMakeFiles/CMakeTmp »
/opt/local/bin/cmake -E cmake_progress_report /Users/edarles/Desktop/PSB_Project/CMakeFiles/CMakeTmp/CMakeFiles 1
Building CXX object CMakeFiles/cmTryCompileExec3683356900.dir/CheckSymbolExists.cxx.o
/opt/local/bin/g++-mp-4.9    -I/opt/local/include    -o CMakeFiles/cmTryCompileExec3683356900.dir/CheckSymbolExists.cxx.o -c /Users/edarles/Desktop/PSB_Project/CMakeFiles/CMakeTmp/CheckSymbolExists.cxx
Linking CXX executable cmTryCompileExec3683356900
/opt/local/bin/cmake -E cmake_link_script CMakeFiles/cmTryCompileExec3683356900.dir/link.txt --verbose=1
/opt/local/bin/g++-mp-4.9     -Wl,-search_paths_first -Wl,-headerpad_max_install_names   CMakeFiles/cmTryCompileExec3683356900.dir/CheckSymbolExists.cxx.o  -o cmTryCompileExec3683356900  
gmake[1] : on quitte le répertoire « /Users/edarles/Desktop/PSB_Project/CMakeFiles/CMakeTmp »

File /Users/edarles/Desktop/PSB_Project/CMakeFiles/CMakeTmp/CheckSymbolExists.cxx:
/* */
#include <QtCore/qconfig.h>

int main(int argc, char** argv)
{
  (void)argv;
#ifndef QT_MAC_USE_COCOA
  return ((int*)(&QT_MAC_USE_COCOA))[argc];
#else
  (void)argc;
  return 0;
#endif
}

Determining if the Q_WS_MAC exist passed with the following output:
Change Dir: /Users/edarles/Desktop/PSB_Project/CMakeFiles/CMakeTmp

Run Build Command:"/opt/local/bin/gmake" "cmTryCompileExec3285965483/fast"
/opt/local/bin/gmake -f CMakeFiles/cmTryCompileExec3285965483.dir/build.make CMakeFiles/cmTryCompileExec3285965483.dir/build
gmake[1] : on entre dans le répertoire « /Users/edarles/Desktop/PSB_Project/CMakeFiles/CMakeTmp »
/opt/local/bin/cmake -E cmake_progress_report /Users/edarles/Desktop/PSB_Project/CMakeFiles/CMakeTmp/CMakeFiles 1
Building CXX object CMakeFiles/cmTryCompileExec3285965483.dir/CheckSymbolExists.cxx.o
/opt/local/bin/g++-mp-4.9    -I/opt/local/include    -o CMakeFiles/cmTryCompileExec3285965483.dir/CheckSymbolExists.cxx.o -c /Users/edarles/Desktop/PSB_Project/CMakeFiles/CMakeTmp/CheckSymbolExists.cxx
Linking CXX executable cmTryCompileExec3285965483
/opt/local/bin/cmake -E cmake_link_script CMakeFiles/cmTryCompileExec3285965483.dir/link.txt --verbose=1
/opt/local/bin/g++-mp-4.9     -Wl,-search_paths_first -Wl,-headerpad_max_install_names   CMakeFiles/cmTryCompileExec3285965483.dir/CheckSymbolExists.cxx.o  -o cmTryCompileExec3285965483  
gmake[1] : on quitte le répertoire « /Users/edarles/Desktop/PSB_Project/CMakeFiles/CMakeTmp »

File /Users/edarles/Desktop/PSB_Project/CMakeFiles/CMakeTmp/CheckSymbolExists.cxx:
/* */
#include <QtCore/qglobal.h>

int main(int argc, char** argv)
{
  (void)argv;
#ifndef Q_WS_MAC
  return ((int*)(&Q_WS_MAC))[argc];
#else
  (void)argc;
  return 0;
#endif
}

Determining if the QT_MAC_USE_COCOA exist passed with the following output:
Change Dir: /Users/edarles/Desktop/PSB_Project/CMakeFiles/CMakeTmp

Run Build Command:"/opt/local/bin/gmake" "cmTryCompileExec1360508093/fast"
/opt/local/bin/gmake -f CMakeFiles/cmTryCompileExec1360508093.dir/build.make CMakeFiles/cmTryCompileExec1360508093.dir/build
gmake[1] : on entre dans le répertoire « /Users/edarles/Desktop/PSB_Project/CMakeFiles/CMakeTmp »
/opt/local/bin/cmake -E cmake_progress_report /Users/edarles/Desktop/PSB_Project/CMakeFiles/CMakeTmp/CMakeFiles 1
Building CXX object CMakeFiles/cmTryCompileExec1360508093.dir/CheckSymbolExists.cxx.o
/opt/local/bin/g++-mp-4.9    -I/opt/local/include    -o CMakeFiles/cmTryCompileExec1360508093.dir/CheckSymbolExists.cxx.o -c /Users/edarles/Desktop/PSB_Project/CMakeFiles/CMakeTmp/CheckSymbolExists.cxx
Linking CXX executable cmTryCompileExec1360508093
/opt/local/bin/cmake -E cmake_link_script CMakeFiles/cmTryCompileExec1360508093.dir/link.txt --verbose=1
/opt/local/bin/g++-mp-4.9     -Wl,-search_paths_first -Wl,-headerpad_max_install_names   CMakeFiles/cmTryCompileExec1360508093.dir/CheckSymbolExists.cxx.o  -o cmTryCompileExec1360508093  
gmake[1] : on quitte le répertoire « /Users/edarles/Desktop/PSB_Project/CMakeFiles/CMakeTmp »

File /Users/edarles/Desktop/PSB_Project/CMakeFiles/CMakeTmp/CheckSymbolExists.cxx:
/* */
#include <QtCore/qconfig.h>

int main(int argc, char** argv)
{
  (void)argv;
#ifndef QT_MAC_USE_COCOA
  return ((int*)(&QT_MAC_USE_COCOA))[argc];
#else
  (void)argc;
  return 0;
#endif
}

Determining if the Q_WS_MAC exist passed with the following output:
Change Dir: /Users/edarles/Desktop/PSB_Project/CMakeFiles/CMakeTmp

Run Build Command:"/opt/local/bin/gmake" "cmTryCompileExec1830788619/fast"
/opt/local/bin/gmake -f CMakeFiles/cmTryCompileExec1830788619.dir/build.make CMakeFiles/cmTryCompileExec1830788619.dir/build
gmake[1] : on entre dans le répertoire « /Users/edarles/Desktop/PSB_Project/CMakeFiles/CMakeTmp »
/opt/local/bin/cmake -E cmake_progress_report /Users/edarles/Desktop/PSB_Project/CMakeFiles/CMakeTmp/CMakeFiles 1
Building CXX object CMakeFiles/cmTryCompileExec1830788619.dir/CheckSymbolExists.cxx.o
/opt/local/bin/g++-mp-4.9    -I/opt/local/include    -o CMakeFiles/cmTryCompileExec1830788619.dir/CheckSymbolExists.cxx.o -c /Users/edarles/Desktop/PSB_Project/CMakeFiles/CMakeTmp/CheckSymbolExists.cxx
Linking CXX executable cmTryCompileExec1830788619
/opt/local/bin/cmake -E cmake_link_script CMakeFiles/cmTryCompileExec1830788619.dir/link.txt --verbose=1
/opt/local/bin/g++-mp-4.9     -Wl,-search_paths_first -Wl,-headerpad_max_install_names   CMakeFiles/cmTryCompileExec1830788619.dir/CheckSymbolExists.cxx.o  -o cmTryCompileExec1830788619  
gmake[1] : on quitte le répertoire « /Users/edarles/Desktop/PSB_Project/CMakeFiles/CMakeTmp »

File /Users/edarles/Desktop/PSB_Project/CMakeFiles/CMakeTmp/CheckSymbolExists.cxx:
/* */
#include <QtCore/qglobal.h>

int main(int argc, char** argv)
{
  (void)argv;
#ifndef Q_WS_MAC
  return ((int*)(&Q_WS_MAC))[argc];
#else
  (void)argc;
  return 0;
#endif
}

Determining if the QT_MAC_USE_COCOA exist passed with the following output:
Change Dir: /Users/edarles/Desktop/PSB_Project/CMakeFiles/CMakeTmp

Run Build Command:"/opt/local/bin/gmake" "cmTryCompileExec4174404750/fast"
/opt/local/bin/gmake -f CMakeFiles/cmTryCompileExec4174404750.dir/build.make CMakeFiles/cmTryCompileExec4174404750.dir/build
gmake[1] : on entre dans le répertoire « /Users/edarles/Desktop/PSB_Project/CMakeFiles/CMakeTmp »
/opt/local/bin/cmake -E cmake_progress_report /Users/edarles/Desktop/PSB_Project/CMakeFiles/CMakeTmp/CMakeFiles 1
Building CXX object CMakeFiles/cmTryCompileExec4174404750.dir/CheckSymbolExists.cxx.o
/opt/local/bin/g++-mp-4.9    -I/opt/local/include    -o CMakeFiles/cmTryCompileExec4174404750.dir/CheckSymbolExists.cxx.o -c /Users/edarles/Desktop/PSB_Project/CMakeFiles/CMakeTmp/CheckSymbolExists.cxx
Linking CXX executable cmTryCompileExec4174404750
/opt/local/bin/cmake -E cmake_link_script CMakeFiles/cmTryCompileExec4174404750.dir/link.txt --verbose=1
/opt/local/bin/g++-mp-4.9     -Wl,-search_paths_first -Wl,-headerpad_max_install_names   CMakeFiles/cmTryCompileExec4174404750.dir/CheckSymbolExists.cxx.o  -o cmTryCompileExec4174404750  
gmake[1] : on quitte le répertoire « /Users/edarles/Desktop/PSB_Project/CMakeFiles/CMakeTmp »

File /Users/edarles/Desktop/PSB_Project/CMakeFiles/CMakeTmp/CheckSymbolExists.cxx:
/* */
#include <QtCore/qconfig.h>

int main(int argc, char** argv)
{
  (void)argv;
#ifndef QT_MAC_USE_COCOA
  return ((int*)(&QT_MAC_USE_COCOA))[argc];
#else
  (void)argc;
  return 0;
#endif
}

